0:0:0:0:0:0:0:1 -  -  [16/十一月/2018:10:29:35 +0000] "GET / HTTP/1.1" 503 1287  40
0:0:0:0:0:0:0:1 -  -  [16/十一月/2018:10:29:35 +0000] "GET /favicon.ico HTTP/1.1" 503 1298  3
0:0:0:0:0:0:0:1 -  -  [16/十一月/2018:10:30:09 +0000] "GET / HTTP/1.1" 503 1287  12
0:0:0:0:0:0:0:1 -  -  [16/十一月/2018:10:30:09 +0000] "GET /favicon.ico HTTP/1.1" 503 1298  2
0:0:0:0:0:0:0:1 -  -  [16/十一月/2018:10:30:10 +0000] "GET / HTTP/1.1" 503 1287  3
0:0:0:0:0:0:0:1 -  -  [16/十一月/2018:10:30:11 +0000] "GET /favicon.ico HTTP/1.1" 503 1298  1
0:0:0:0:0:0:0:1 -  -  [16/十一月/2018:10:47:31 +0000] "GET / HTTP/1.1" 404 1365  33
0:0:0:0:0:0:0:1 -  -  [16/十一月/2018:10:47:31 +0000] "GET /favicon.ico HTTP/1.1" 404 1376  4
0:0:0:0:0:0:0:1 -  -  [16/十一月/2018:10:47:35 +0000] "GET /index HTTP/1.1" 200 159  1386
0:0:0:0:0:0:0:1 -  -  [16/十一月/2018:10:47:43 +0000] "GET /index HTTP/1.1" 200 159  2
0:0:0:0:0:0:0:1 -  -  [16/十一月/2018:10:47:44 +0000] "GET /index HTTP/1.1" 200 159  1
0:0:0:0:0:0:0:1 -  -  [16/十一月/2018:10:47:51 +0000] "GET /index HTTP/1.1" 200 159  2
0:0:0:0:0:0:0:1 -  -  [16/十一月/2018:10:47:51 +0000] "GET /favicon.ico HTTP/1.1" 404 1376  3
0:0:0:0:0:0:0:1 -  -  [16/十一月/2018:11:05:07 +0000] "GET / HTTP/1.1" 503 288  7
0:0:0:0:0:0:0:1 -  -  [16/十一月/2018:11:05:07 +0000] "GET /favicon.ico HTTP/1.1" 503 299  1
0:0:0:0:0:0:0:1 -  -  [16/十一月/2018:11:05:11 +0000] "GET /index HTTP/1.1" 503 293  1
0:0:0:0:0:0:0:1 -  -  [16/十一月/2018:11:05:11 +0000] "GET /favicon.ico HTTP/1.1" 503 299  1
0:0:0:0:0:0:0:1 -  -  [16/十一月/2018:11:21:29 +0000] "GET /index HTTP/1.1" 404 289  25
0:0:0:0:0:0:0:1 -  -  [16/十一月/2018:11:21:29 +0000] "GET /favicon.ico HTTP/1.1" 404 295  2
0:0:0:0:0:0:0:1 -  -  [16/十一月/2018:11:21:34 +0000] "GET / HTTP/1.1" 200 408  9
0:0:0:0:0:0:0:1 -  -  [16/十一月/2018:11:21:34 +0000] "GET /jetty-dir.css HTTP/1.1" 200 319  5
0:0:0:0:0:0:0:1 -  -  [16/十一月/2018:11:29:29 +0000] "GET / HTTP/1.1" 200 1111  36
0:0:0:0:0:0:0:1 -  -  [16/十一月/2018:11:29:36 +0000] "GET /index HTTP/1.1" 404 289  5
0:0:0:0:0:0:0:1 -  -  [16/十一月/2018:11:29:49 +0000] "GET /META-INF/ HTTP/1.1" 404 293  4
0:0:0:0:0:0:0:1 -  -  [16/十一月/2018:11:29:51 +0000] "GET /META-INF/ HTTP/1.1" 404 293  2
0:0:0:0:0:0:0:1 -  -  [16/十一月/2018:11:29:54 +0000] "GET /META-INF/ HTTP/1.1" 404 293  1
0:0:0:0:0:0:0:1 -  -  [16/十一月/2018:11:29:55 +0000] "GET /applicationContext.xml HTTP/1.1" 200 2035  5
0:0:0:0:0:0:0:1 -  -  [16/十一月/2018:11:29:57 +0000] "GET /cn/ HTTP/1.1" 200 386  4
0:0:0:0:0:0:0:1 -  -  [16/十一月/2018:11:29:57 +0000] "GET /cn/jetty-dir.css HTTP/1.1" 200 319  3
0:0:0:0:0:0:0:1 -  -  [16/十一月/2018:11:29:59 +0000] "GET /config.properties HTTP/1.1" 200 252  1
0:0:0:0:0:0:0:1 -  -  [16/十一月/2018:11:30:01 +0000] "GET /log4j.properties HTTP/1.1" 200 555  4
0:0:0:0:0:0:0:1 -  -  [16/十一月/2018:11:30:03 +0000] "GET /logback.xml HTTP/1.1" 200 1130  1
